<?xml version="1.0" encoding="UTF-8"?>
<testng-results ignored="0" total="1" passed="1" failed="0" skipped="0">
  <reporter-output>
  </reporter-output>
  <suite started-at="2025-01-22T15:38:16 IST" name="Default suite" finished-at="2025-01-22T15:38:17 IST" duration-ms="491">
    <groups>
      <group name="cucumber">
        <method signature="AbstractTestNGCucumberTests.runScenario(io.cucumber.testng.PickleWrapper,io.cucumber.testng.FeatureWrapper)[pri:0, instance:com.test.bdd.runner.TestRunner@20140db9]" name="runScenario" class="io.cucumber.testng.AbstractTestNGCucumberTests"/>
      </group> <!-- cucumber -->
    </groups>
    <test started-at="2025-01-22T15:38:16 IST" name="Default test" finished-at="2025-01-22T15:38:17 IST" duration-ms="491">
      <class name="com.test.bdd.runner.TestRunner">
        <test-method is-config="true" signature="setUpClass(org.testng.ITestContext)[pri:0, instance:com.test.bdd.runner.TestRunner@20140db9]" started-at="2025-01-22T15:38:16 IST" name="setUpClass" finished-at="2025-01-22T15:38:17 IST" duration-ms="374" status="PASS">
          <params>
            <param index="0">
              <value>
                <![CDATA[org.testng.TestRunner@20765ed5]]>
              </value>
            </param>
          </params>
          <reporter-output>
          </reporter-output>
        </test-method> <!-- setUpClass -->
        <test-method signature="runScenario(io.cucumber.testng.PickleWrapper,io.cucumber.testng.FeatureWrapper)[pri:0, instance:com.test.bdd.runner.TestRunner@20140db9]" started-at="2025-01-22T15:38:17 IST" name="runScenario" description="Runs Cucumber Scenarios" data-provider="scenarios" finished-at="2025-01-22T15:38:17 IST" duration-ms="57" status="PASS">
          <params>
            <param index="0">
              <value>
                <![CDATA["Verify the application"]]>
              </value>
            </param>
            <param index="1">
              <value>
                <![CDATA["Sample Feature"]]>
              </value>
            </param>
          </params>
          <reporter-output>
          </reporter-output>
        </test-method> <!-- runScenario -->
        <test-method is-config="true" signature="tearDownClass()[pri:0, instance:com.test.bdd.runner.TestRunner@20140db9]" started-at="2025-01-22T15:38:17 IST" name="tearDownClass" finished-at="2025-01-22T15:38:17 IST" duration-ms="28" status="PASS">
          <reporter-output>
          </reporter-output>
        </test-method> <!-- tearDownClass -->
      </class> <!-- com.test.bdd.runner.TestRunner -->
    </test> <!-- Default test -->
  </suite> <!-- Default suite -->
</testng-results>
